# JRE version: Java(TM) SE Runtime Environment (8.0_171-b11) (build 1.8.0_171-b11)
# Java VM: Java HotSpot(TM) 64-Bit Server VM (25.171-b11 mixed mode windows-amd64 compressed oops)
Heap:
 par new generation   total 306688K, used 61652K [0x00000000c0000000, 0x00000000d4cc0000, 0x00000000d4cc0000)
  eden space 272640K,  13% used [0x00000000c0000000, 0x00000000c23ab818, 0x00000000d0a40000)
  from space 34048K,  73% used [0x00000000d2b80000, 0x00000000d44098c0, 0x00000000d4cc0000)
  to   space 34048K,   0% used [0x00000000d0a40000, 0x00000000d0a40000, 0x00000000d2b80000)
 concurrent mark-sweep generation total 707840K, used 49862K [0x00000000d4cc0000, 0x0000000100000000, 0x0000000100000000)
 Metaspace       used 31032K, capacity 31255K, committed 31588K, reserved 1077248K
  class space    used 4047K, capacity 4132K, committed 4192K, reserved 1048576K
GC Heap History (6 events):
Event: 2.923 GC heap before
{Heap before GC invocations=0 (full 0):
 par new generation   total 306688K, used 272640K [0x00000000c0000000, 0x00000000d4cc0000, 0x00000000d4cc0000)
  eden space 272640K, 100% used [0x00000000c0000000, 0x00000000d0a40000, 0x00000000d0a40000)
  from space 34048K,   0% used [0x00000000d0a40000, 0x00000000d0a40000, 0x00000000d2b80000)
  to   space 34048K,   0% used [0x00000000d2b80000, 0x00000000d2b80000, 0x00000000d4cc0000)
 concurrent mark-sweep generation total 707840K, used 0K [0x00000000d4cc0000, 0x0000000100000000, 0x0000000100000000)
 Metaspace       used 26226K, capacity 26442K, committed 26608K, reserved 1073152K
  class space    used 3719K, capacity 3777K, committed 3784K, reserved 1048576K
Event: 2.944 GC heap after
Heap after GC invocations=1 (full 0):
 par new generation   total 306688K, used 31843K [0x00000000c0000000, 0x00000000d4cc0000, 0x00000000d4cc0000)
  eden space 272640K,   0% used [0x00000000c0000000, 0x00000000c0000000, 0x00000000d0a40000)
  from space 34048K,  93% used [0x00000000d2b80000, 0x00000000d4a98e90, 0x00000000d4cc0000)
  to   space 34048K,   0% used [0x00000000d0a40000, 0x00000000d0a40000, 0x00000000d2b80000)
 concurrent mark-sweep generation total 707840K, used 0K [0x00000000d4cc0000, 0x0000000100000000, 0x0000000100000000)
 Metaspace       used 26226K, capacity 26442K, committed 26608K, reserved 1073152K
  class space    used 3719K, capacity 3777K, committed 3784K, reserved 1048576K
}
Event: 6.811 GC heap before
{Heap before GC invocations=1 (full 1):
 par new generation   total 306688K, used 304483K [0x00000000c0000000, 0x00000000d4cc0000, 0x00000000d4cc0000)
  eden space 272640K, 100% used [0x00000000c0000000, 0x00000000d0a40000, 0x00000000d0a40000)
  from space 34048K,  93% used [0x00000000d2b80000, 0x00000000d4a98e90, 0x00000000d4cc0000)
  to   space 34048K,   0% used [0x00000000d0a40000, 0x00000000d0a40000, 0x00000000d2b80000)
 concurrent mark-sweep generation total 707840K, used 0K [0x00000000d4cc0000, 0x0000000100000000, 0x0000000100000000)
 Metaspace       used 30316K, capacity 30583K, committed 30924K, reserved 1077248K
  class space    used 4026K, capacity 4100K, committed 4116K, reserved 1048576K
Event: 6.900 GC heap after
Heap after GC invocations=2 (full 1):
 par new generation   total 306688K, used 30830K [0x00000000c0000000, 0x00000000d4cc0000, 0x00000000d4cc0000)
  eden space 272640K,   0% used [0x00000000c0000000, 0x00000000c0000000, 0x00000000d0a40000)
  from space 34048K,  90% used [0x00000000d0a40000, 0x00000000d285bab8, 0x00000000d2b80000)
  to   space 34048K,   0% used [0x00000000d2b80000, 0x00000000d2b80000, 0x00000000d4cc0000)
 concurrent mark-sweep generation total 707840K, used 27938K [0x00000000d4cc0000, 0x0000000100000000, 0x0000000100000000)
 Metaspace       used 30316K, capacity 30583K, committed 30924K, reserved 1077248K
  class space    used 4026K, capacity 4100K, committed 4116K, reserved 1048576K
}
Event: 7.975 GC heap before
{Heap before GC invocations=2 (full 1):
 par new generation   total 306688K, used 303470K [0x00000000c0000000, 0x00000000d4cc0000, 0x00000000d4cc0000)
  eden space 272640K, 100% used [0x00000000c0000000, 0x00000000d0a40000, 0x00000000d0a40000)
  from space 34048K,  90% used [0x00000000d0a40000, 0x00000000d285bab8, 0x00000000d2b80000)
  to   space 34048K,   0% used [0x00000000d2b80000, 0x00000000d2b80000, 0x00000000d4cc0000)
 concurrent mark-sweep generation total 707840K, used 27938K [0x00000000d4cc0000, 0x0000000100000000, 0x0000000100000000)
 Metaspace       used 30769K, capacity 31031K, committed 31512K, reserved 1077248K
  class space    used 4039K, capacity 4100K, committed 4116K, reserved 1048576K
Event: 8.016 GC heap after
Heap after GC invocations=3 (full 1):
 par new generation   total 306688K, used 25126K [0x00000000c0000000, 0x00000000d4cc0000, 0x00000000d4cc0000)
  eden space 272640K,   0% used [0x00000000c0000000, 0x00000000c0000000, 0x00000000d0a40000)
  from space 34048K,  73% used [0x00000000d2b80000, 0x00000000d44098c0, 0x00000000d4cc0000)
  to   space 34048K,   0% used [0x00000000d0a40000, 0x00000000d0a40000, 0x00000000d2b80000)
 concurrent mark-sweep generation total 707840K, used 49862K [0x00000000d4cc0000, 0x0000000100000000, 0x0000000100000000)
 Metaspace       used 30769K, capacity 31031K, committed 31512K, reserved 1077248K
  class space    used 4039K, capacity 4100K, committed 4116K, reserved 1048576K
}

