# JRE version: Java(TM) SE Runtime Environment (8.0_171-b11) (build 1.8.0_171-b11)
# Java VM: Java HotSpot(TM) 64-Bit Server VM (25.171-b11 mixed mode windows-amd64 compressed oops)
Heap:
 par new generation   total 306688K, used 190343K [0x00000000c0000000, 0x00000000d4cc0000, 0x00000000d4cc0000)
  eden space 272640K,  57% used [0x00000000c0000000, 0x00000000c9a4d120, 0x00000000d0a40000)
  from space 34048K,  94% used [0x00000000d0a40000, 0x00000000d29d4c60, 0x00000000d2b80000)
  to   space 34048K,   0% used [0x00000000d2b80000, 0x00000000d2b80000, 0x00000000d4cc0000)
 concurrent mark-sweep generation total 707840K, used 25867K [0x00000000d4cc0000, 0x0000000100000000, 0x0000000100000000)
 Metaspace       used 29917K, capacity 30151K, committed 30516K, reserved 1075200K
  class space    used 3986K, capacity 4068K, committed 4092K, reserved 1048576K
GC Heap History (4 events):
Event: 2.428 GC heap before
{Heap before GC invocations=0 (full 0):
 par new generation   total 306688K, used 272640K [0x00000000c0000000, 0x00000000d4cc0000, 0x00000000d4cc0000)
  eden space 272640K, 100% used [0x00000000c0000000, 0x00000000d0a40000, 0x00000000d0a40000)
  from space 34048K,   0% used [0x00000000d0a40000, 0x00000000d0a40000, 0x00000000d2b80000)
  to   space 34048K,   0% used [0x00000000d2b80000, 0x00000000d2b80000, 0x00000000d4cc0000)
 concurrent mark-sweep generation total 707840K, used 0K [0x00000000d4cc0000, 0x0000000100000000, 0x0000000100000000)
 Metaspace       used 25778K, capacity 26010K, committed 26200K, reserved 1071104K
  class space    used 3677K, capacity 3745K, committed 3760K, reserved 1048576K
Event: 2.449 GC heap after
Heap after GC invocations=1 (full 0):
 par new generation   total 306688K, used 32392K [0x00000000c0000000, 0x00000000d4cc0000, 0x00000000d4cc0000)
  eden space 272640K,   0% used [0x00000000c0000000, 0x00000000c0000000, 0x00000000d0a40000)
  from space 34048K,  95% used [0x00000000d2b80000, 0x00000000d4b221e8, 0x00000000d4cc0000)
  to   space 34048K,   0% used [0x00000000d0a40000, 0x00000000d0a40000, 0x00000000d2b80000)
 concurrent mark-sweep generation total 707840K, used 0K [0x00000000d4cc0000, 0x0000000100000000, 0x0000000100000000)
 Metaspace       used 25778K, capacity 26010K, committed 26200K, reserved 1071104K
  class space    used 3677K, capacity 3745K, committed 3760K, reserved 1048576K
}
Event: 3.818 GC heap before
{Heap before GC invocations=1 (full 0):
 par new generation   total 306688K, used 305032K [0x00000000c0000000, 0x00000000d4cc0000, 0x00000000d4cc0000)
  eden space 272640K, 100% used [0x00000000c0000000, 0x00000000d0a40000, 0x00000000d0a40000)
  from space 34048K,  95% used [0x00000000d2b80000, 0x00000000d4b221e8, 0x00000000d4cc0000)
  to   space 34048K,   0% used [0x00000000d0a40000, 0x00000000d0a40000, 0x00000000d2b80000)
 concurrent mark-sweep generation total 707840K, used 0K [0x00000000d4cc0000, 0x0000000100000000, 0x0000000100000000)
 Metaspace       used 29864K, capacity 30087K, committed 30516K, reserved 1075200K
  class space    used 3985K, capacity 4068K, committed 4092K, reserved 1048576K
Event: 3.886 GC heap after
Heap after GC invocations=2 (full 0):
 par new generation   total 306688K, used 32339K [0x00000000c0000000, 0x00000000d4cc0000, 0x00000000d4cc0000)
  eden space 272640K,   0% used [0x00000000c0000000, 0x00000000c0000000, 0x00000000d0a40000)
  from space 34048K,  94% used [0x00000000d0a40000, 0x00000000d29d4c60, 0x00000000d2b80000)
  to   space 34048K,   0% used [0x00000000d2b80000, 0x00000000d2b80000, 0x00000000d4cc0000)
 concurrent mark-sweep generation total 707840K, used 25867K [0x00000000d4cc0000, 0x0000000100000000, 0x0000000100000000)
 Metaspace       used 29864K, capacity 30087K, committed 30516K, reserved 1075200K
  class space    used 3985K, capacity 4068K, committed 4092K, reserved 1048576K
}

